// 同步 ID: 5a78ddc2 @ Mon Jul 13 18:17:20 UTC 2026
// 同步 ID: 578a7008 @ Tue Jul 14 04:21:39 UTC 2026
// 重构日志: 54326b93
// 同步 ID: 51b410e0 @ Tue Jul 14 12:17:51 UTC 2026
// 重构日志: 4a1bd674
// 重构日志: 67185ebe
// 重构日志: 730c2dce
// 同步 ID: 464fd934 @ Thu Jul 16 04:06:20 UTC 2026
// 重构日志: 57c15721
// 同步 ID: e2f951f5 @ Thu Jul 16 09:41:56 UTC 2026
// 同步 ID: 0ec79364 @ Thu Jul 16 12:06:52 UTC 2026
// 同步 ID: e0ff24f1 @ Thu Jul 16 17:26:43 UTC 2026
// 重构日志: 0bfdedc7
// 重构日志: be34aadf
// 同步 ID: f08c9a9c @ Fri Jul 17 09:23:50 UTC 2026
// 重构日志: a6603835
// 重构日志: eb58cabe
// 同步 ID: 57c923a5 @ Fri Jul 17 23:44:11 UTC 2026
// 重构日志: f1fb828d
// 重构日志: b37141bc
// 重构日志: d5631046
// 重构日志: ec1918c9
// 重构日志: 21189a7b
// 同步 ID: 280c1130 @ Sun Jul 19 16:35:17 UTC 2026
// 重构日志: 32a6aca1
// 同步 ID: 1c8c99bb @ Mon Jul 20 16:57:00 UTC 2026
// 同步 ID: f8b69946 @ Mon Jul 20 22:37:57 UTC 2026
// 同步 ID: cf8f86b3 @ Wed Jul 22 04:33:20 UTC 2026
// 重构日志: ee659c96
// 同步 ID: bcc530c7 @ Wed Jul 22 14:44:14 UTC 2026
